<?xml version="1.0" encoding="UTF-8"?>
<testsuite xmlns:xsi="http://www.w3.org/2001/XMLSchema-instance" xsi:noNamespaceSchemaLocation="https://maven.apache.org/surefire/maven-surefire-plugin/xsd/surefire-test-report-3.0.xsd" version="3.0" name="tests.shapes.Shape_tst" time="0.025" tests="10" errors="0" skipped="0" failures="1">
  <properties>
[...]
</properties>
  <testcase name="Given_selectedShape_When_toString_Then_provideText" classname="tests.shapes.Shape_tst" time="0.002"/>
  <testcase name="Given_selectedShape_When_toggle_Then_isNotSelected" classname="tests.shapes.Shape_tst" time="0"/>
  <testcase name="Given_notSelectedShape_When_toString_Then_provideText" classname="tests.shapes.Shape_tst" time="0"/>
  <testcase name="Given_notSelectedShape_When_select_Then_isSelected" classname="tests.shapes.Shape_tst" time="0.001"/>
  <testcase name="Given_Nothing_When_NewShape_Then_isNotSelected" classname="tests.shapes.Shape_tst" time="0"/>
  <testcase name="Given_notSelectedShape_When_unselect_Then_isNotSelected" classname="tests.shapes.Shape_tst" time="0"/>
  <testcase name="Given_selectedShape_When_unselect_Then_isNotSelected" classname="tests.shapes.Shape_tst" time="0"/>
  <testcase name="failTest" classname="tests.shapes.Shape_tst" time="0.01">
    <failure message="should fail" type="org.opentest4j.AssertionFailedError">org.opentest4j.AssertionFailedError: should fail
	at tests.shapes.Shape_tst.failTest(Shape_tst.java:42)
</failure>
  </testcase>
  <testcase name="Given_selectedShape_When_select_Then_isSelected" classname="tests.shapes.Shape_tst" time="0"/>
  <testcase name="Given_notSelectedShape_When_toggle_Then_isSelected" classname="tests.shapes.Shape_tst" time="0"/>
</testsuite>