<?xml version="1.0" encoding="UTF-8"?>
<testsuite xmlns:xsi="http://www.w3.org/2001/XMLSchema-instance" xsi:noNamespaceSchemaLocation="https://maven.apache.org/surefire/maven-surefire-plugin/xsd/surefire-test-report-3.0.xsd" version="3.0" name="tests.shapes.SPixel_tst" time="0.066" tests="10" errors="0" skipped="0" failures="0">
  <properties>
[...]
</properties>
  <testcase name="Given_DefaulPixel_When_translatingAndPrint_Then_printedShouldBe" classname="tests.shapes.SPixel_tst" time="0.004"/>
  <testcase name="Given_Nothing_When_CreatingPixelWithCoordinatesAndPrint_Then_shouldDisplay" classname="tests.shapes.SPixel_tst" time="0"/>
  <testcase name="Given_Pixel100_10_When_getLocation_Then_LocationOf0_0" classname="tests.shapes.SPixel_tst" time="0"/>
  <testcase name="Given_defaultPixel_When_setLocation_Then_LocationOf" classname="tests.shapes.SPixel_tst" time="0"/>
  <testcase name="Given_DefaultPixel_When_toString_Then_ShouldReturnText" classname="tests.shapes.SPixel_tst" time="0"/>
  <testcase name="Given_defaultPixel_When_getLocation_Then_LocationOf0_0" classname="tests.shapes.SPixel_tst" time="0"/>
  <testcase name="Given_DefaultPixel_When_print_Then_ShouldDisplayText" classname="tests.shapes.SPixel_tst" time="0"/>
  <testcase name="Given_Nothing_When_CreatingPixelWithPointAndPrint_Then_shouldDisplay" classname="tests.shapes.SPixel_tst" time="0"/>
  <testcase name="Given_RectangleFrom2Points_When_GettingBounds_Then_shouldReturnBounds" classname="tests.shapes.SPixel_tst" time="0.049"/>
  <testcase name="Given_DefaultPixel_When_GettingBounds_Then_shouldReturnBounds" classname="tests.shapes.SPixel_tst" time="0"/>
</testsuite>